<?xml version="1.0" encoding="UTF-8"?>
<!-- Generated by org.testng.reporters.JUnitReportReporter -->
<testsuite skipped="0" hostname="Z1STPPGENA090" name="com.natwest.iag.test.runner.TestRunner" tests="1" failures="0" timestamp="2021-11-10T17:58:50 IST" time="39.450" errors="0">
  <testcase name="featureRunner" time="39.450" classname="com.natwest.iag.test.runner.TestRunner"/>
  <system-out/>
</testsuite> <!-- com.natwest.iag.test.runner.TestRunner -->
